\BOOKMARK [0][]{section*.2}{\376\377\144\130\000\040\211\201}{}% 1
\BOOKMARK [0][]{section*.6}{\376\377\000A\000B\000S\000T\000R\000A\000C\000T}{}% 2
\BOOKMARK [0][]{mulu.0}{\376\377\166\356\000\040\000\040\000\040\000\040\137\125}{}% 3
\BOOKMARK [0][]{section*.10}{\376\377\173\054\000\040\0001\000\040\172\340\000\040\176\352\213\272}{}% 4
\BOOKMARK [1][]{section*.12}{\376\377\0001\000.\0001\000\040\152\041\147\177\166\204\117\177\165\050\145\271\154\325\116\313\176\315}{section*.10}% 5
\BOOKMARK [1][]{section*.14}{\376\377\0001\000.\0002\000\040\124\310\134\024\156\350\135\345\116\032\131\047\133\146\000\040\000L\000a\000T\000e\000X\000\040\142\200\147\057\116\244\155\101\000\040\000Q\000Q\000\040\177\244\116\313\176\315}{section*.10}% 6
\BOOKMARK [0][]{section*.16}{\376\377\173\054\000\040\0002\000\040\172\340\000\040\126\376\162\107\166\204\143\322\121\145\145\271\154\325}{}% 7
\BOOKMARK [1][]{section*.18}{\376\377\0002\000.\0001\000\040\170\024\172\166\165\037\226\142\166\204\143\322\126\376\211\304\203\003}{section*.16}% 8
\BOOKMARK [2][]{section*.20}{\376\377\0002\000.\0001\000.\0001\000\040\126\376\230\230\123\312\126\376\116\055\213\364\146\016}{section*.18}% 9
\BOOKMARK [2][]{section*.22}{\376\377\0002\000.\0001\000.\0002\000\040\143\322\126\376\177\026\143\222}{section*.18}% 10
\BOOKMARK [1][]{section*.24}{\376\377\0002\000.\0002\000\040\000L\000a\000T\000e\000X\000\040\116\055\143\250\203\120\117\177\165\050\166\204\126\376\162\107\150\074\137\017}{section*.16}% 11
\BOOKMARK [1][]{section*.26}{\376\377\0002\000.\0003\000\040\123\125\137\040\126\376\162\107\166\204\143\322\121\145\145\271\154\325}{section*.16}% 12
\BOOKMARK [1][]{section*.31}{\376\377\0002\000.\0004\000\040\121\167\147\011\133\120\126\376\166\204\126\376\162\107\143\322\121\145\145\271\154\325}{section*.16}% 13
\BOOKMARK [0][]{section*.38}{\376\377\173\054\000\040\0003\000\040\172\340\000\040\210\150\150\074\166\204\176\330\122\066\145\271\154\325}{}% 14
\BOOKMARK [1][]{section*.40}{\376\377\0003\000.\0001\000\040\170\024\172\166\165\037\226\142\166\204\176\330\210\150\211\304\203\003}{section*.38}% 15
\BOOKMARK [1][]{section*.42}{\376\377\0003\000.\0002\000\040\146\156\220\032\210\150\150\074\166\204\176\330\122\066\145\271\154\325}{section*.38}% 16
\BOOKMARK [1][]{section*.45}{\376\377\0003\000.\0003\000\040\225\177\210\150\150\074\166\204\176\330\122\066\145\271\154\325}{section*.38}% 17
\BOOKMARK [1][]{section*.49}{\376\377\0003\000.\0004\000\040\122\027\133\275\123\357\214\003\210\150\150\074\166\204\176\330\122\066\145\271\154\325}{section*.38}% 18
\BOOKMARK [2][]{section*.51}{\376\377\0003\000.\0004\000.\0001\000\040\210\150\150\074\121\205\147\320\123\125\121\103\150\074\121\205\133\271\217\307\225\177\166\204\140\305\121\265}{section*.49}% 19
\BOOKMARK [2][]{section*.54}{\376\377\0003\000.\0004\000.\0002\000\040\133\371\162\151\164\006\221\317\173\046\123\367\217\333\210\114\154\350\221\312\166\204\140\305\121\265}{section*.49}% 20
\BOOKMARK [0][]{section*.56}{\376\377\173\054\000\040\0004\000\040\172\340\000\040\145\160\133\146\121\154\137\017\166\204\217\223\121\145\145\271\154\325}{}% 21
\BOOKMARK [1][]{section*.58}{\376\377\0004\000.\0001\000\040\170\024\172\166\165\037\226\142\166\204\121\154\137\017\211\304\203\003}{section*.56}% 22
\BOOKMARK [1][]{section*.60}{\376\377\0004\000.\0002\000\040\165\037\142\020\000\040\000L\000a\000T\000e\000X\000\040\145\160\133\146\121\154\137\017\166\204\116\044\171\315\145\271\154\325}{section*.56}% 23
\BOOKMARK [2][]{section*.62}{\376\377\0004\000.\0002\000.\0001\000\040\127\372\116\216\000\040\000M\000a\000t\000h\000T\000y\000p\000e\000\040\217\157\116\366\166\204\145\160\133\146\121\154\137\017\165\037\142\020\145\271\154\325}{section*.60}% 24
\BOOKMARK [2][]{section*.64}{\376\377\0004\000.\0002\000.\0002\000\040\127\372\116\216\000\040\000M\000A\000T\000L\000A\000B\000\040\217\157\116\366\166\204\145\160\133\146\121\154\137\017\165\037\142\020\145\271\154\325}{section*.60}% 25
\BOOKMARK [1][]{section*.66}{\376\377\0004\000.\0003\000\040\145\160\133\146\133\127\117\123}{section*.56}% 26
\BOOKMARK [1][]{section*.69}{\376\377\0004\000.\0004\000\040\210\114\121\205\121\154\137\017}{section*.56}% 27
\BOOKMARK [1][]{section*.78}{\376\377\0004\000.\0005\000\040\210\114\225\364\121\154\137\017}{section*.56}% 28
\BOOKMARK [1][]{section*.81}{\376\377\0004\000.\0006\000\040\123\357\201\352\122\250\214\003\145\164\131\047\134\017\166\204\133\232\165\114\173\046}{section*.56}% 29
\BOOKMARK [1][]{section*.83}{\376\377\0004\000.\0007\000\040\145\160\133\146\221\315\227\363\173\046\123\367}{section*.56}% 30
\BOOKMARK [0][]{section*.85}{\376\377\173\054\000\040\0005\000\040\172\340\000\040\152\041\147\177\166\204\121\166\133\203\213\364\146\016}{}% 31
\BOOKMARK [1][]{section*.87}{\376\377\0005\000.\0001\000\040\116\055\202\361\145\207\134\001\227\142\166\204\166\370\121\163\117\341\140\157}{section*.85}% 32
\BOOKMARK [1][]{section*.89}{\376\377\0005\000.\0002\000\040\000B\000i\000b\000T\000e\000X\000\040\145\207\163\056\145\207\116\366\166\204\121\231\154\325}{section*.85}% 33
\BOOKMARK [1][]{section*.91}{\376\377\0005\000.\0003\000\040\123\302\200\003\145\207\163\056\166\204\137\025\165\050}{section*.85}% 34
\BOOKMARK [1][]{section*.93}{\376\377\0005\000.\0004\000\040\123\125\134\102\177\127\122\027\163\257\130\203}{section*.85}% 35
\BOOKMARK [1][]{section*.96}{\376\377\0005\000.\0005\000\040\173\227\154\325}{section*.85}% 36
\BOOKMARK [1][]{section*.102}{\376\377\0005\000.\0006\000\040\133\232\164\006\133\232\116\111}{section*.85}% 37
\BOOKMARK [0][]{section*.105}{\376\377\176\323\000\040\213\272}{}% 38
\BOOKMARK [0][]{section*.108}{\376\377\123\302\200\003\145\207\163\056}{}% 39
\BOOKMARK [0][]{section*.111}{\376\377\226\104\137\125\000\040\000A\000\040\136\046\172\340\202\202\166\204\226\104\137\125}{}% 40
\BOOKMARK [1][]{section*.113}{\376\377\000A\000.\0001\000\040\226\104\137\125\202\202\166\204\121\205\133\271}{section*.111}% 41
\BOOKMARK [0][]{section*.117}{\376\377\145\073\213\373\147\054\171\321\133\146\117\115\147\037\225\364\123\321\210\150\166\204\213\272\145\207\123\312\121\166\116\326\142\020\147\234}{}% 42
\BOOKMARK [0][]{section*.121}{\376\377\124\310\134\024\156\350\135\345\116\032\131\047\133\146\133\146\117\115\213\272\145\207\123\237\122\033\140\047\130\360\146\016\123\312\117\177\165\050\143\210\147\103\213\364\146\016}{}% 43
\BOOKMARK [0][]{section*.125}{\376\377\201\364\000\040\214\042}{}% 44
